c:\users\1\source\repos\project3\project3\debug\vc142.pdb
c:\users\1\source\repos\project3\project3\debug\vc142.idb
c:\users\1\source\repos\project3\project3\debug\main.obj
c:\users\1\source\repos\project3\project3\debug\deposits.obj
c:\users\1\source\repos\project3\project3\debug\assoc.obj
c:\users\1\source\repos\project3\project3\debug\app.obj
c:\users\1\source\repos\project3\project3\debug\mapx.obj
c:\users\1\source\repos\project3\project3\debug\test.obj
c:\users\1\source\repos\project3\project3\debug\main.obj.enc
c:\users\1\source\repos\project3\debug\bankproj.pdb
c:\users\1\source\repos\project3\project3\debug\bankproj.tlog\cl.command.1.tlog
c:\users\1\source\repos\project3\project3\debug\bankproj.tlog\cl.read.1.tlog
c:\users\1\source\repos\project3\project3\debug\bankproj.tlog\cl.write.1.tlog
c:\users\1\source\repos\project3\project3\debug\bankproj.tlog\link-cvtres.read.1.tlog
c:\users\1\source\repos\project3\project3\debug\bankproj.tlog\link-cvtres.write.1.tlog
c:\users\1\source\repos\project3\project3\debug\bankproj.tlog\link-rc.read.1.tlog
c:\users\1\source\repos\project3\project3\debug\bankproj.tlog\link-rc.write.1.tlog
c:\users\1\source\repos\project3\project3\debug\bankproj.tlog\link.28492-cvtres.read.1.tlog
c:\users\1\source\repos\project3\project3\debug\bankproj.tlog\link.28492-cvtres.write.1.tlog
c:\users\1\source\repos\project3\project3\debug\bankproj.tlog\link.28492-rc.read.1.tlog
c:\users\1\source\repos\project3\project3\debug\bankproj.tlog\link.28492-rc.write.1.tlog
c:\users\1\source\repos\project3\project3\debug\bankproj.tlog\link.28492.read.1.tlog
c:\users\1\source\repos\project3\project3\debug\bankproj.tlog\link.28492.write.1.tlog
c:\users\1\source\repos\project3\project3\debug\bankproj.tlog\link.command.1.tlog
c:\users\1\source\repos\project3\project3\debug\bankproj.tlog\link.read.1.tlog
c:\users\1\source\repos\project3\project3\debug\bankproj.tlog\link.write.1.tlog
